2023-09-06 00:00:01,370 DEBUG auth start, request: PUT /nacos/v1/ns/instance/beat

2023-09-06 00:00:01,374 DEBUG auth permission: Permission{resource='Resource{namespaceId='', group='DEFAULT_GROUP', name='clazz', type='naming', properties={action=w}}', action='w'}, nacosUser: NacosUser{token='eyJhbGciOiJIUzI1NiJ9.eyJzdWIiOiJuYWNvcyIsImV4cCI6MTY5Mzk0NjkwOX0.fkGC4jzZsmVvVjuJErnWhb6ggjjxhVSyjYAxlQRAoQI', globalAdmin=false}

2023-09-06 00:00:01,511 DEBUG auth start, request: PUT /nacos/v1/ns/instance/beat

2023-09-06 00:00:01,512 DEBUG auth permission: Permission{resource='Resource{namespaceId='', group='DEFAULT_GROUP', name='student', type='naming', properties={action=w}}', action='w'}, nacosUser: NacosUser{token='eyJhbGciOiJIUzI1NiJ9.eyJzdWIiOiJuYWNvcyIsImV4cCI6MTY5Mzk0NjkxNX0.QnRbGgxzPQh7PL-ljtW91069BkdKd-EwBZdCq8fa3Eo', globalAdmin=false}

2023-09-06 00:00:01,651 DEBUG auth start, request: GET /nacos/v1/ns/instance/list

2023-09-06 00:00:01,652 DEBUG auth permission: Permission{resource='Resource{namespaceId='', group='DEFAULT_GROUP', name='clazz', type='naming', properties={action=r}}', action='r'}, nacosUser: NacosUser{token='eyJhbGciOiJIUzI1NiJ9.eyJzdWIiOiJuYWNvcyIsImV4cCI6MTY5Mzk0NjkwOX0.fkGC4jzZsmVvVjuJErnWhb6ggjjxhVSyjYAxlQRAoQI', globalAdmin=false}

2023-09-06 00:00:05,160 DEBUG auth start, request: GET /nacos/v1/ns/instance/list

2023-09-06 00:00:05,161 DEBUG auth permission: Permission{resource='Resource{namespaceId='', group='DEFAULT_GROUP', name='clazz', type='naming', properties={action=r}}', action='r'}, nacosUser: NacosUser{token='eyJhbGciOiJIUzI1NiJ9.eyJzdWIiOiJuYWNvcyIsImV4cCI6MTY5Mzk0NjkxNX0.QnRbGgxzPQh7PL-ljtW91069BkdKd-EwBZdCq8fa3Eo', globalAdmin=false}

2023-09-06 00:00:06,384 DEBUG auth start, request: PUT /nacos/v1/ns/instance/beat

2023-09-06 00:00:06,384 DEBUG auth permission: Permission{resource='Resource{namespaceId='', group='DEFAULT_GROUP', name='clazz', type='naming', properties={action=w}}', action='w'}, nacosUser: NacosUser{token='eyJhbGciOiJIUzI1NiJ9.eyJzdWIiOiJuYWNvcyIsImV4cCI6MTY5Mzk0NjkwOX0.fkGC4jzZsmVvVjuJErnWhb6ggjjxhVSyjYAxlQRAoQI', globalAdmin=false}

2023-09-06 00:00:06,522 DEBUG auth start, request: PUT /nacos/v1/ns/instance/beat

2023-09-06 00:00:06,523 DEBUG auth permission: Permission{resource='Resource{namespaceId='', group='DEFAULT_GROUP', name='student', type='naming', properties={action=w}}', action='w'}, nacosUser: NacosUser{token='eyJhbGciOiJIUzI1NiJ9.eyJzdWIiOiJuYWNvcyIsImV4cCI6MTY5Mzk0NjkxNX0.QnRbGgxzPQh7PL-ljtW91069BkdKd-EwBZdCq8fa3Eo', globalAdmin=false}

2023-09-06 00:00:06,878 DEBUG auth start, request: GET /nacos/v1/ns/instance/list

2023-09-06 00:00:06,878 DEBUG auth permission: Permission{resource='Resource{namespaceId='', group='DEFAULT_GROUP', name='student', type='naming', properties={action=r}}', action='r'}, nacosUser: NacosUser{token='eyJhbGciOiJIUzI1NiJ9.eyJzdWIiOiJuYWNvcyIsImV4cCI6MTY5Mzk0NjkxNX0.QnRbGgxzPQh7PL-ljtW91069BkdKd-EwBZdCq8fa3Eo', globalAdmin=false}

2023-09-06 00:00:11,391 DEBUG auth start, request: PUT /nacos/v1/ns/instance/beat

2023-09-06 00:00:11,391 DEBUG auth permission: Permission{resource='Resource{namespaceId='', group='DEFAULT_GROUP', name='clazz', type='naming', properties={action=w}}', action='w'}, nacosUser: NacosUser{token='eyJhbGciOiJIUzI1NiJ9.eyJzdWIiOiJuYWNvcyIsImV4cCI6MTY5Mzk0NjkwOX0.fkGC4jzZsmVvVjuJErnWhb6ggjjxhVSyjYAxlQRAoQI', globalAdmin=false}

2023-09-06 00:00:11,528 DEBUG auth start, request: PUT /nacos/v1/ns/instance/beat

2023-09-06 00:00:11,529 DEBUG auth permission: Permission{resource='Resource{namespaceId='', group='DEFAULT_GROUP', name='student', type='naming', properties={action=w}}', action='w'}, nacosUser: NacosUser{token='eyJhbGciOiJIUzI1NiJ9.eyJzdWIiOiJuYWNvcyIsImV4cCI6MTY5Mzk0NjkxNX0.QnRbGgxzPQh7PL-ljtW91069BkdKd-EwBZdCq8fa3Eo', globalAdmin=false}

2023-09-06 00:00:11,665 DEBUG auth start, request: GET /nacos/v1/ns/instance/list

2023-09-06 00:00:11,666 DEBUG auth permission: Permission{resource='Resource{namespaceId='', group='DEFAULT_GROUP', name='clazz', type='naming', properties={action=r}}', action='r'}, nacosUser: NacosUser{token='eyJhbGciOiJIUzI1NiJ9.eyJzdWIiOiJuYWNvcyIsImV4cCI6MTY5Mzk0NjkwOX0.fkGC4jzZsmVvVjuJErnWhb6ggjjxhVSyjYAxlQRAoQI', globalAdmin=false}

2023-09-06 00:00:15,172 DEBUG auth start, request: GET /nacos/v1/ns/instance/list

2023-09-06 00:00:15,172 DEBUG auth permission: Permission{resource='Resource{namespaceId='', group='DEFAULT_GROUP', name='clazz', type='naming', properties={action=r}}', action='r'}, nacosUser: NacosUser{token='eyJhbGciOiJIUzI1NiJ9.eyJzdWIiOiJuYWNvcyIsImV4cCI6MTY5Mzk0NjkxNX0.QnRbGgxzPQh7PL-ljtW91069BkdKd-EwBZdCq8fa3Eo', globalAdmin=false}

2023-09-06 00:00:16,401 DEBUG auth start, request: PUT /nacos/v1/ns/instance/beat

2023-09-06 00:00:16,401 DEBUG auth permission: Permission{resource='Resource{namespaceId='', group='DEFAULT_GROUP', name='clazz', type='naming', properties={action=w}}', action='w'}, nacosUser: NacosUser{token='eyJhbGciOiJIUzI1NiJ9.eyJzdWIiOiJuYWNvcyIsImV4cCI6MTY5Mzk0NjkwOX0.fkGC4jzZsmVvVjuJErnWhb6ggjjxhVSyjYAxlQRAoQI', globalAdmin=false}

2023-09-06 00:00:16,539 DEBUG auth start, request: PUT /nacos/v1/ns/instance/beat

2023-09-06 00:00:16,539 DEBUG auth permission: Permission{resource='Resource{namespaceId='', group='DEFAULT_GROUP', name='student', type='naming', properties={action=w}}', action='w'}, nacosUser: NacosUser{token='eyJhbGciOiJIUzI1NiJ9.eyJzdWIiOiJuYWNvcyIsImV4cCI6MTY5Mzk0NjkxNX0.QnRbGgxzPQh7PL-ljtW91069BkdKd-EwBZdCq8fa3Eo', globalAdmin=false}

2023-09-06 00:00:16,890 DEBUG auth start, request: GET /nacos/v1/ns/instance/list

2023-09-06 00:00:16,891 DEBUG auth permission: Permission{resource='Resource{namespaceId='', group='DEFAULT_GROUP', name='student', type='naming', properties={action=r}}', action='r'}, nacosUser: NacosUser{token='eyJhbGciOiJIUzI1NiJ9.eyJzdWIiOiJuYWNvcyIsImV4cCI6MTY5Mzk0NjkxNX0.QnRbGgxzPQh7PL-ljtW91069BkdKd-EwBZdCq8fa3Eo', globalAdmin=false}

2023-09-06 00:00:21,410 DEBUG auth start, request: PUT /nacos/v1/ns/instance/beat

2023-09-06 00:00:21,411 DEBUG auth permission: Permission{resource='Resource{namespaceId='', group='DEFAULT_GROUP', name='clazz', type='naming', properties={action=w}}', action='w'}, nacosUser: NacosUser{token='eyJhbGciOiJIUzI1NiJ9.eyJzdWIiOiJuYWNvcyIsImV4cCI6MTY5Mzk0NjkwOX0.fkGC4jzZsmVvVjuJErnWhb6ggjjxhVSyjYAxlQRAoQI', globalAdmin=false}

2023-09-06 00:00:21,548 DEBUG auth start, request: PUT /nacos/v1/ns/instance/beat

2023-09-06 00:00:21,549 DEBUG auth permission: Permission{resource='Resource{namespaceId='', group='DEFAULT_GROUP', name='student', type='naming', properties={action=w}}', action='w'}, nacosUser: NacosUser{token='eyJhbGciOiJIUzI1NiJ9.eyJzdWIiOiJuYWNvcyIsImV4cCI6MTY5Mzk0NjkxNX0.QnRbGgxzPQh7PL-ljtW91069BkdKd-EwBZdCq8fa3Eo', globalAdmin=false}

2023-09-06 00:00:21,669 DEBUG auth start, request: GET /nacos/v1/ns/instance/list

2023-09-06 00:00:21,670 DEBUG auth permission: Permission{resource='Resource{namespaceId='', group='DEFAULT_GROUP', name='clazz', type='naming', properties={action=r}}', action='r'}, nacosUser: NacosUser{token='eyJhbGciOiJIUzI1NiJ9.eyJzdWIiOiJuYWNvcyIsImV4cCI6MTY5Mzk0NjkwOX0.fkGC4jzZsmVvVjuJErnWhb6ggjjxhVSyjYAxlQRAoQI', globalAdmin=false}

2023-09-06 00:00:25,182 DEBUG auth start, request: GET /nacos/v1/ns/instance/list

2023-09-06 00:00:25,183 DEBUG auth permission: Permission{resource='Resource{namespaceId='', group='DEFAULT_GROUP', name='clazz', type='naming', properties={action=r}}', action='r'}, nacosUser: NacosUser{token='eyJhbGciOiJIUzI1NiJ9.eyJzdWIiOiJuYWNvcyIsImV4cCI6MTY5Mzk0NjkxNX0.QnRbGgxzPQh7PL-ljtW91069BkdKd-EwBZdCq8fa3Eo', globalAdmin=false}

2023-09-06 00:00:26,419 DEBUG auth start, request: PUT /nacos/v1/ns/instance/beat

2023-09-06 00:00:26,419 DEBUG auth permission: Permission{resource='Resource{namespaceId='', group='DEFAULT_GROUP', name='clazz', type='naming', properties={action=w}}', action='w'}, nacosUser: NacosUser{token='eyJhbGciOiJIUzI1NiJ9.eyJzdWIiOiJuYWNvcyIsImV4cCI6MTY5Mzk0NjkwOX0.fkGC4jzZsmVvVjuJErnWhb6ggjjxhVSyjYAxlQRAoQI', globalAdmin=false}

2023-09-06 00:00:26,557 DEBUG auth start, request: PUT /nacos/v1/ns/instance/beat

2023-09-06 00:00:26,557 DEBUG auth permission: Permission{resource='Resource{namespaceId='', group='DEFAULT_GROUP', name='student', type='naming', properties={action=w}}', action='w'}, nacosUser: NacosUser{token='eyJhbGciOiJIUzI1NiJ9.eyJzdWIiOiJuYWNvcyIsImV4cCI6MTY5Mzk0NjkxNX0.QnRbGgxzPQh7PL-ljtW91069BkdKd-EwBZdCq8fa3Eo', globalAdmin=false}

2023-09-06 00:00:26,894 DEBUG auth start, request: GET /nacos/v1/ns/instance/list

2023-09-06 00:00:26,895 DEBUG auth permission: Permission{resource='Resource{namespaceId='', group='DEFAULT_GROUP', name='student', type='naming', properties={action=r}}', action='r'}, nacosUser: NacosUser{token='eyJhbGciOiJIUzI1NiJ9.eyJzdWIiOiJuYWNvcyIsImV4cCI6MTY5Mzk0NjkxNX0.QnRbGgxzPQh7PL-ljtW91069BkdKd-EwBZdCq8fa3Eo', globalAdmin=false}

2023-09-06 00:00:31,427 DEBUG auth start, request: PUT /nacos/v1/ns/instance/beat

2023-09-06 00:00:31,427 DEBUG auth permission: Permission{resource='Resource{namespaceId='', group='DEFAULT_GROUP', name='clazz', type='naming', properties={action=w}}', action='w'}, nacosUser: NacosUser{token='eyJhbGciOiJIUzI1NiJ9.eyJzdWIiOiJuYWNvcyIsImV4cCI6MTY5Mzk0NjkwOX0.fkGC4jzZsmVvVjuJErnWhb6ggjjxhVSyjYAxlQRAoQI', globalAdmin=false}

2023-09-06 00:00:31,565 DEBUG auth start, request: PUT /nacos/v1/ns/instance/beat

2023-09-06 00:00:31,565 DEBUG auth permission: Permission{resource='Resource{namespaceId='', group='DEFAULT_GROUP', name='student', type='naming', properties={action=w}}', action='w'}, nacosUser: NacosUser{token='eyJhbGciOiJIUzI1NiJ9.eyJzdWIiOiJuYWNvcyIsImV4cCI6MTY5Mzk0NjkxNX0.QnRbGgxzPQh7PL-ljtW91069BkdKd-EwBZdCq8fa3Eo', globalAdmin=false}

2023-09-06 00:00:31,674 DEBUG auth start, request: GET /nacos/v1/ns/instance/list

2023-09-06 00:00:31,675 DEBUG auth permission: Permission{resource='Resource{namespaceId='', group='DEFAULT_GROUP', name='clazz', type='naming', properties={action=r}}', action='r'}, nacosUser: NacosUser{token='eyJhbGciOiJIUzI1NiJ9.eyJzdWIiOiJuYWNvcyIsImV4cCI6MTY5Mzk0NjkwOX0.fkGC4jzZsmVvVjuJErnWhb6ggjjxhVSyjYAxlQRAoQI', globalAdmin=false}

2023-09-06 00:00:35,200 DEBUG auth start, request: GET /nacos/v1/ns/instance/list

2023-09-06 00:00:35,200 DEBUG auth permission: Permission{resource='Resource{namespaceId='', group='DEFAULT_GROUP', name='clazz', type='naming', properties={action=r}}', action='r'}, nacosUser: NacosUser{token='eyJhbGciOiJIUzI1NiJ9.eyJzdWIiOiJuYWNvcyIsImV4cCI6MTY5Mzk0NjkxNX0.QnRbGgxzPQh7PL-ljtW91069BkdKd-EwBZdCq8fa3Eo', globalAdmin=false}

2023-09-06 00:00:36,439 DEBUG auth start, request: PUT /nacos/v1/ns/instance/beat

2023-09-06 00:00:36,440 DEBUG auth permission: Permission{resource='Resource{namespaceId='', group='DEFAULT_GROUP', name='clazz', type='naming', properties={action=w}}', action='w'}, nacosUser: NacosUser{token='eyJhbGciOiJIUzI1NiJ9.eyJzdWIiOiJuYWNvcyIsImV4cCI6MTY5Mzk0NjkwOX0.fkGC4jzZsmVvVjuJErnWhb6ggjjxhVSyjYAxlQRAoQI', globalAdmin=false}

2023-09-06 00:00:36,577 DEBUG auth start, request: PUT /nacos/v1/ns/instance/beat

2023-09-06 00:00:36,578 DEBUG auth permission: Permission{resource='Resource{namespaceId='', group='DEFAULT_GROUP', name='student', type='naming', properties={action=w}}', action='w'}, nacosUser: NacosUser{token='eyJhbGciOiJIUzI1NiJ9.eyJzdWIiOiJuYWNvcyIsImV4cCI6MTY5Mzk0NjkxNX0.QnRbGgxzPQh7PL-ljtW91069BkdKd-EwBZdCq8fa3Eo', globalAdmin=false}

2023-09-06 00:00:36,899 DEBUG auth start, request: GET /nacos/v1/ns/instance/list

2023-09-06 00:00:36,900 DEBUG auth permission: Permission{resource='Resource{namespaceId='', group='DEFAULT_GROUP', name='student', type='naming', properties={action=r}}', action='r'}, nacosUser: NacosUser{token='eyJhbGciOiJIUzI1NiJ9.eyJzdWIiOiJuYWNvcyIsImV4cCI6MTY5Mzk0NjkxNX0.QnRbGgxzPQh7PL-ljtW91069BkdKd-EwBZdCq8fa3Eo', globalAdmin=false}

2023-09-06 00:00:41,442 DEBUG auth start, request: PUT /nacos/v1/ns/instance/beat

2023-09-06 00:00:41,442 DEBUG auth permission: Permission{resource='Resource{namespaceId='', group='DEFAULT_GROUP', name='clazz', type='naming', properties={action=w}}', action='w'}, nacosUser: NacosUser{token='eyJhbGciOiJIUzI1NiJ9.eyJzdWIiOiJuYWNvcyIsImV4cCI6MTY5Mzk0NjkwOX0.fkGC4jzZsmVvVjuJErnWhb6ggjjxhVSyjYAxlQRAoQI', globalAdmin=false}

2023-09-06 00:00:41,594 DEBUG auth start, request: PUT /nacos/v1/ns/instance/beat

2023-09-06 00:00:41,595 DEBUG auth permission: Permission{resource='Resource{namespaceId='', group='DEFAULT_GROUP', name='student', type='naming', properties={action=w}}', action='w'}, nacosUser: NacosUser{token='eyJhbGciOiJIUzI1NiJ9.eyJzdWIiOiJuYWNvcyIsImV4cCI6MTY5Mzk0NjkxNX0.QnRbGgxzPQh7PL-ljtW91069BkdKd-EwBZdCq8fa3Eo', globalAdmin=false}

2023-09-06 00:00:41,686 DEBUG auth start, request: GET /nacos/v1/ns/instance/list

2023-09-06 00:00:41,686 DEBUG auth permission: Permission{resource='Resource{namespaceId='', group='DEFAULT_GROUP', name='clazz', type='naming', properties={action=r}}', action='r'}, nacosUser: NacosUser{token='eyJhbGciOiJIUzI1NiJ9.eyJzdWIiOiJuYWNvcyIsImV4cCI6MTY5Mzk0NjkwOX0.fkGC4jzZsmVvVjuJErnWhb6ggjjxhVSyjYAxlQRAoQI', globalAdmin=false}

2023-09-06 00:00:45,214 DEBUG auth start, request: GET /nacos/v1/ns/instance/list

2023-09-06 00:00:45,215 DEBUG auth permission: Permission{resource='Resource{namespaceId='', group='DEFAULT_GROUP', name='clazz', type='naming', properties={action=r}}', action='r'}, nacosUser: NacosUser{token='eyJhbGciOiJIUzI1NiJ9.eyJzdWIiOiJuYWNvcyIsImV4cCI6MTY5Mzk0NjkxNX0.QnRbGgxzPQh7PL-ljtW91069BkdKd-EwBZdCq8fa3Eo', globalAdmin=false}

2023-09-06 00:00:46,447 DEBUG auth start, request: PUT /nacos/v1/ns/instance/beat

2023-09-06 00:00:46,448 DEBUG auth permission: Permission{resource='Resource{namespaceId='', group='DEFAULT_GROUP', name='clazz', type='naming', properties={action=w}}', action='w'}, nacosUser: NacosUser{token='eyJhbGciOiJIUzI1NiJ9.eyJzdWIiOiJuYWNvcyIsImV4cCI6MTY5Mzk0NjkwOX0.fkGC4jzZsmVvVjuJErnWhb6ggjjxhVSyjYAxlQRAoQI', globalAdmin=false}

2023-09-06 00:00:46,600 DEBUG auth start, request: PUT /nacos/v1/ns/instance/beat

2023-09-06 00:00:46,601 DEBUG auth permission: Permission{resource='Resource{namespaceId='', group='DEFAULT_GROUP', name='student', type='naming', properties={action=w}}', action='w'}, nacosUser: NacosUser{token='eyJhbGciOiJIUzI1NiJ9.eyJzdWIiOiJuYWNvcyIsImV4cCI6MTY5Mzk0NjkxNX0.QnRbGgxzPQh7PL-ljtW91069BkdKd-EwBZdCq8fa3Eo', globalAdmin=false}

2023-09-06 00:00:46,910 DEBUG auth start, request: GET /nacos/v1/ns/instance/list

2023-09-06 00:00:46,911 DEBUG auth permission: Permission{resource='Resource{namespaceId='', group='DEFAULT_GROUP', name='student', type='naming', properties={action=r}}', action='r'}, nacosUser: NacosUser{token='eyJhbGciOiJIUzI1NiJ9.eyJzdWIiOiJuYWNvcyIsImV4cCI6MTY5Mzk0NjkxNX0.QnRbGgxzPQh7PL-ljtW91069BkdKd-EwBZdCq8fa3Eo', globalAdmin=false}

2023-09-06 00:00:51,458 DEBUG auth start, request: PUT /nacos/v1/ns/instance/beat

2023-09-06 00:00:51,458 DEBUG auth permission: Permission{resource='Resource{namespaceId='', group='DEFAULT_GROUP', name='clazz', type='naming', properties={action=w}}', action='w'}, nacosUser: NacosUser{token='eyJhbGciOiJIUzI1NiJ9.eyJzdWIiOiJuYWNvcyIsImV4cCI6MTY5Mzk0NjkwOX0.fkGC4jzZsmVvVjuJErnWhb6ggjjxhVSyjYAxlQRAoQI', globalAdmin=false}

2023-09-06 00:00:51,610 DEBUG auth start, request: PUT /nacos/v1/ns/instance/beat

2023-09-06 00:00:51,611 DEBUG auth permission: Permission{resource='Resource{namespaceId='', group='DEFAULT_GROUP', name='student', type='naming', properties={action=w}}', action='w'}, nacosUser: NacosUser{token='eyJhbGciOiJIUzI1NiJ9.eyJzdWIiOiJuYWNvcyIsImV4cCI6MTY5Mzk0NjkxNX0.QnRbGgxzPQh7PL-ljtW91069BkdKd-EwBZdCq8fa3Eo', globalAdmin=false}

2023-09-06 00:00:51,688 DEBUG auth start, request: GET /nacos/v1/ns/instance/list

2023-09-06 00:00:51,689 DEBUG auth permission: Permission{resource='Resource{namespaceId='', group='DEFAULT_GROUP', name='clazz', type='naming', properties={action=r}}', action='r'}, nacosUser: NacosUser{token='eyJhbGciOiJIUzI1NiJ9.eyJzdWIiOiJuYWNvcyIsImV4cCI6MTY5Mzk0NjkwOX0.fkGC4jzZsmVvVjuJErnWhb6ggjjxhVSyjYAxlQRAoQI', globalAdmin=false}

2023-09-06 00:00:55,219 DEBUG auth start, request: GET /nacos/v1/ns/instance/list

2023-09-06 00:00:55,220 DEBUG auth permission: Permission{resource='Resource{namespaceId='', group='DEFAULT_GROUP', name='clazz', type='naming', properties={action=r}}', action='r'}, nacosUser: NacosUser{token='eyJhbGciOiJIUzI1NiJ9.eyJzdWIiOiJuYWNvcyIsImV4cCI6MTY5Mzk0NjkxNX0.QnRbGgxzPQh7PL-ljtW91069BkdKd-EwBZdCq8fa3Eo', globalAdmin=false}

2023-09-06 00:00:56,464 DEBUG auth start, request: PUT /nacos/v1/ns/instance/beat

2023-09-06 00:00:56,465 DEBUG auth permission: Permission{resource='Resource{namespaceId='', group='DEFAULT_GROUP', name='clazz', type='naming', properties={action=w}}', action='w'}, nacosUser: NacosUser{token='eyJhbGciOiJIUzI1NiJ9.eyJzdWIiOiJuYWNvcyIsImV4cCI6MTY5Mzk0NjkwOX0.fkGC4jzZsmVvVjuJErnWhb6ggjjxhVSyjYAxlQRAoQI', globalAdmin=false}

2023-09-06 00:00:56,619 DEBUG auth start, request: PUT /nacos/v1/ns/instance/beat

2023-09-06 00:00:56,620 DEBUG auth permission: Permission{resource='Resource{namespaceId='', group='DEFAULT_GROUP', name='student', type='naming', properties={action=w}}', action='w'}, nacosUser: NacosUser{token='eyJhbGciOiJIUzI1NiJ9.eyJzdWIiOiJuYWNvcyIsImV4cCI6MTY5Mzk0NjkxNX0.QnRbGgxzPQh7PL-ljtW91069BkdKd-EwBZdCq8fa3Eo', globalAdmin=false}

2023-09-06 00:00:56,925 DEBUG auth start, request: GET /nacos/v1/ns/instance/list

2023-09-06 00:00:56,925 DEBUG auth permission: Permission{resource='Resource{namespaceId='', group='DEFAULT_GROUP', name='student', type='naming', properties={action=r}}', action='r'}, nacosUser: NacosUser{token='eyJhbGciOiJIUzI1NiJ9.eyJzdWIiOiJuYWNvcyIsImV4cCI6MTY5Mzk0NjkxNX0.QnRbGgxzPQh7PL-ljtW91069BkdKd-EwBZdCq8fa3Eo', globalAdmin=false}

2023-09-06 00:01:01,472 DEBUG auth start, request: PUT /nacos/v1/ns/instance/beat

2023-09-06 00:01:01,473 DEBUG auth permission: Permission{resource='Resource{namespaceId='', group='DEFAULT_GROUP', name='clazz', type='naming', properties={action=w}}', action='w'}, nacosUser: NacosUser{token='eyJhbGciOiJIUzI1NiJ9.eyJzdWIiOiJuYWNvcyIsImV4cCI6MTY5Mzk0NjkwOX0.fkGC4jzZsmVvVjuJErnWhb6ggjjxhVSyjYAxlQRAoQI', globalAdmin=false}

2023-09-06 00:01:01,624 DEBUG auth start, request: PUT /nacos/v1/ns/instance/beat

2023-09-06 00:01:01,625 DEBUG auth permission: Permission{resource='Resource{namespaceId='', group='DEFAULT_GROUP', name='student', type='naming', properties={action=w}}', action='w'}, nacosUser: NacosUser{token='eyJhbGciOiJIUzI1NiJ9.eyJzdWIiOiJuYWNvcyIsImV4cCI6MTY5Mzk0NjkxNX0.QnRbGgxzPQh7PL-ljtW91069BkdKd-EwBZdCq8fa3Eo', globalAdmin=false}

2023-09-06 00:01:01,702 DEBUG auth start, request: GET /nacos/v1/ns/instance/list

2023-09-06 00:01:01,703 DEBUG auth permission: Permission{resource='Resource{namespaceId='', group='DEFAULT_GROUP', name='clazz', type='naming', properties={action=r}}', action='r'}, nacosUser: NacosUser{token='eyJhbGciOiJIUzI1NiJ9.eyJzdWIiOiJuYWNvcyIsImV4cCI6MTY5Mzk0NjkwOX0.fkGC4jzZsmVvVjuJErnWhb6ggjjxhVSyjYAxlQRAoQI', globalAdmin=false}

2023-09-06 00:01:05,221 DEBUG auth start, request: GET /nacos/v1/ns/instance/list

2023-09-06 00:01:05,221 DEBUG auth permission: Permission{resource='Resource{namespaceId='', group='DEFAULT_GROUP', name='clazz', type='naming', properties={action=r}}', action='r'}, nacosUser: NacosUser{token='eyJhbGciOiJIUzI1NiJ9.eyJzdWIiOiJuYWNvcyIsImV4cCI6MTY5Mzk0NjkxNX0.QnRbGgxzPQh7PL-ljtW91069BkdKd-EwBZdCq8fa3Eo', globalAdmin=false}

2023-09-06 00:01:06,481 DEBUG auth start, request: PUT /nacos/v1/ns/instance/beat

2023-09-06 00:01:06,481 DEBUG auth permission: Permission{resource='Resource{namespaceId='', group='DEFAULT_GROUP', name='clazz', type='naming', properties={action=w}}', action='w'}, nacosUser: NacosUser{token='eyJhbGciOiJIUzI1NiJ9.eyJzdWIiOiJuYWNvcyIsImV4cCI6MTY5Mzk0NjkwOX0.fkGC4jzZsmVvVjuJErnWhb6ggjjxhVSyjYAxlQRAoQI', globalAdmin=false}

2023-09-06 00:01:06,633 DEBUG auth start, request: PUT /nacos/v1/ns/instance/beat

2023-09-06 00:01:06,633 DEBUG auth permission: Permission{resource='Resource{namespaceId='', group='DEFAULT_GROUP', name='student', type='naming', properties={action=w}}', action='w'}, nacosUser: NacosUser{token='eyJhbGciOiJIUzI1NiJ9.eyJzdWIiOiJuYWNvcyIsImV4cCI6MTY5Mzk0NjkxNX0.QnRbGgxzPQh7PL-ljtW91069BkdKd-EwBZdCq8fa3Eo', globalAdmin=false}

2023-09-06 00:01:06,938 DEBUG auth start, request: GET /nacos/v1/ns/instance/list

2023-09-06 00:01:06,939 DEBUG auth permission: Permission{resource='Resource{namespaceId='', group='DEFAULT_GROUP', name='student', type='naming', properties={action=r}}', action='r'}, nacosUser: NacosUser{token='eyJhbGciOiJIUzI1NiJ9.eyJzdWIiOiJuYWNvcyIsImV4cCI6MTY5Mzk0NjkxNX0.QnRbGgxzPQh7PL-ljtW91069BkdKd-EwBZdCq8fa3Eo', globalAdmin=false}

2023-09-06 00:01:11,486 DEBUG auth start, request: PUT /nacos/v1/ns/instance/beat

2023-09-06 00:01:11,486 DEBUG auth permission: Permission{resource='Resource{namespaceId='', group='DEFAULT_GROUP', name='clazz', type='naming', properties={action=w}}', action='w'}, nacosUser: NacosUser{token='eyJhbGciOiJIUzI1NiJ9.eyJzdWIiOiJuYWNvcyIsImV4cCI6MTY5Mzk0NjkwOX0.fkGC4jzZsmVvVjuJErnWhb6ggjjxhVSyjYAxlQRAoQI', globalAdmin=false}

2023-09-06 00:01:11,641 DEBUG auth start, request: PUT /nacos/v1/ns/instance/beat

2023-09-06 00:01:11,641 DEBUG auth permission: Permission{resource='Resource{namespaceId='', group='DEFAULT_GROUP', name='student', type='naming', properties={action=w}}', action='w'}, nacosUser: NacosUser{token='eyJhbGciOiJIUzI1NiJ9.eyJzdWIiOiJuYWNvcyIsImV4cCI6MTY5Mzk0NjkxNX0.QnRbGgxzPQh7PL-ljtW91069BkdKd-EwBZdCq8fa3Eo', globalAdmin=false}

2023-09-06 00:01:11,719 DEBUG auth start, request: GET /nacos/v1/ns/instance/list

2023-09-06 00:01:11,720 DEBUG auth permission: Permission{resource='Resource{namespaceId='', group='DEFAULT_GROUP', name='clazz', type='naming', properties={action=r}}', action='r'}, nacosUser: NacosUser{token='eyJhbGciOiJIUzI1NiJ9.eyJzdWIiOiJuYWNvcyIsImV4cCI6MTY5Mzk0NjkwOX0.fkGC4jzZsmVvVjuJErnWhb6ggjjxhVSyjYAxlQRAoQI', globalAdmin=false}

2023-09-06 00:01:15,226 DEBUG auth start, request: GET /nacos/v1/ns/instance/list

2023-09-06 00:01:15,226 DEBUG auth permission: Permission{resource='Resource{namespaceId='', group='DEFAULT_GROUP', name='clazz', type='naming', properties={action=r}}', action='r'}, nacosUser: NacosUser{token='eyJhbGciOiJIUzI1NiJ9.eyJzdWIiOiJuYWNvcyIsImV4cCI6MTY5Mzk0NjkxNX0.QnRbGgxzPQh7PL-ljtW91069BkdKd-EwBZdCq8fa3Eo', globalAdmin=false}

2023-09-06 00:01:16,496 DEBUG auth start, request: PUT /nacos/v1/ns/instance/beat

2023-09-06 00:01:16,496 DEBUG auth permission: Permission{resource='Resource{namespaceId='', group='DEFAULT_GROUP', name='clazz', type='naming', properties={action=w}}', action='w'}, nacosUser: NacosUser{token='eyJhbGciOiJIUzI1NiJ9.eyJzdWIiOiJuYWNvcyIsImV4cCI6MTY5Mzk0NjkwOX0.fkGC4jzZsmVvVjuJErnWhb6ggjjxhVSyjYAxlQRAoQI', globalAdmin=false}

2023-09-06 00:01:16,649 DEBUG auth start, request: PUT /nacos/v1/ns/instance/beat

2023-09-06 00:01:16,649 DEBUG auth permission: Permission{resource='Resource{namespaceId='', group='DEFAULT_GROUP', name='student', type='naming', properties={action=w}}', action='w'}, nacosUser: NacosUser{token='eyJhbGciOiJIUzI1NiJ9.eyJzdWIiOiJuYWNvcyIsImV4cCI6MTY5Mzk0NjkxNX0.QnRbGgxzPQh7PL-ljtW91069BkdKd-EwBZdCq8fa3Eo', globalAdmin=false}

2023-09-06 00:01:16,954 DEBUG auth start, request: GET /nacos/v1/ns/instance/list

2023-09-06 00:01:16,954 DEBUG auth permission: Permission{resource='Resource{namespaceId='', group='DEFAULT_GROUP', name='student', type='naming', properties={action=r}}', action='r'}, nacosUser: NacosUser{token='eyJhbGciOiJIUzI1NiJ9.eyJzdWIiOiJuYWNvcyIsImV4cCI6MTY5Mzk0NjkxNX0.QnRbGgxzPQh7PL-ljtW91069BkdKd-EwBZdCq8fa3Eo', globalAdmin=false}

2023-09-06 00:01:21,506 DEBUG auth start, request: PUT /nacos/v1/ns/instance/beat

2023-09-06 00:01:21,506 DEBUG auth permission: Permission{resource='Resource{namespaceId='', group='DEFAULT_GROUP', name='clazz', type='naming', properties={action=w}}', action='w'}, nacosUser: NacosUser{token='eyJhbGciOiJIUzI1NiJ9.eyJzdWIiOiJuYWNvcyIsImV4cCI6MTY5Mzk0NjkwOX0.fkGC4jzZsmVvVjuJErnWhb6ggjjxhVSyjYAxlQRAoQI', globalAdmin=false}

2023-09-06 00:01:21,660 DEBUG auth start, request: PUT /nacos/v1/ns/instance/beat

2023-09-06 00:01:21,661 DEBUG auth permission: Permission{resource='Resource{namespaceId='', group='DEFAULT_GROUP', name='student', type='naming', properties={action=w}}', action='w'}, nacosUser: NacosUser{token='eyJhbGciOiJIUzI1NiJ9.eyJzdWIiOiJuYWNvcyIsImV4cCI6MTY5Mzk0NjkxNX0.QnRbGgxzPQh7PL-ljtW91069BkdKd-EwBZdCq8fa3Eo', globalAdmin=false}

2023-09-06 00:01:21,723 DEBUG auth start, request: GET /nacos/v1/ns/instance/list

2023-09-06 00:01:21,724 DEBUG auth permission: Permission{resource='Resource{namespaceId='', group='DEFAULT_GROUP', name='clazz', type='naming', properties={action=r}}', action='r'}, nacosUser: NacosUser{token='eyJhbGciOiJIUzI1NiJ9.eyJzdWIiOiJuYWNvcyIsImV4cCI6MTY5Mzk0NjkwOX0.fkGC4jzZsmVvVjuJErnWhb6ggjjxhVSyjYAxlQRAoQI', globalAdmin=false}

2023-09-06 00:01:25,228 DEBUG auth start, request: GET /nacos/v1/ns/instance/list

2023-09-06 00:01:25,228 DEBUG auth permission: Permission{resource='Resource{namespaceId='', group='DEFAULT_GROUP', name='clazz', type='naming', properties={action=r}}', action='r'}, nacosUser: NacosUser{token='eyJhbGciOiJIUzI1NiJ9.eyJzdWIiOiJuYWNvcyIsImV4cCI6MTY5Mzk0NjkxNX0.QnRbGgxzPQh7PL-ljtW91069BkdKd-EwBZdCq8fa3Eo', globalAdmin=false}

2023-09-06 00:01:26,514 DEBUG auth start, request: PUT /nacos/v1/ns/instance/beat

2023-09-06 00:01:26,514 DEBUG auth permission: Permission{resource='Resource{namespaceId='', group='DEFAULT_GROUP', name='clazz', type='naming', properties={action=w}}', action='w'}, nacosUser: NacosUser{token='eyJhbGciOiJIUzI1NiJ9.eyJzdWIiOiJuYWNvcyIsImV4cCI6MTY5Mzk0NjkwOX0.fkGC4jzZsmVvVjuJErnWhb6ggjjxhVSyjYAxlQRAoQI', globalAdmin=false}

2023-09-06 00:01:26,667 DEBUG auth start, request: PUT /nacos/v1/ns/instance/beat

2023-09-06 00:01:26,668 DEBUG auth permission: Permission{resource='Resource{namespaceId='', group='DEFAULT_GROUP', name='student', type='naming', properties={action=w}}', action='w'}, nacosUser: NacosUser{token='eyJhbGciOiJIUzI1NiJ9.eyJzdWIiOiJuYWNvcyIsImV4cCI6MTY5Mzk0NjkxNX0.QnRbGgxzPQh7PL-ljtW91069BkdKd-EwBZdCq8fa3Eo', globalAdmin=false}

2023-09-06 00:01:26,957 DEBUG auth start, request: GET /nacos/v1/ns/instance/list

2023-09-06 00:01:26,957 DEBUG auth permission: Permission{resource='Resource{namespaceId='', group='DEFAULT_GROUP', name='student', type='naming', properties={action=r}}', action='r'}, nacosUser: NacosUser{token='eyJhbGciOiJIUzI1NiJ9.eyJzdWIiOiJuYWNvcyIsImV4cCI6MTY5Mzk0NjkxNX0.QnRbGgxzPQh7PL-ljtW91069BkdKd-EwBZdCq8fa3Eo', globalAdmin=false}

2023-09-06 00:01:31,517 DEBUG auth start, request: PUT /nacos/v1/ns/instance/beat

2023-09-06 00:01:31,517 DEBUG auth permission: Permission{resource='Resource{namespaceId='', group='DEFAULT_GROUP', name='clazz', type='naming', properties={action=w}}', action='w'}, nacosUser: NacosUser{token='eyJhbGciOiJIUzI1NiJ9.eyJzdWIiOiJuYWNvcyIsImV4cCI6MTY5Mzk0NjkwOX0.fkGC4jzZsmVvVjuJErnWhb6ggjjxhVSyjYAxlQRAoQI', globalAdmin=false}

2023-09-06 00:01:31,669 DEBUG auth start, request: PUT /nacos/v1/ns/instance/beat

2023-09-06 00:01:31,670 DEBUG auth permission: Permission{resource='Resource{namespaceId='', group='DEFAULT_GROUP', name='student', type='naming', properties={action=w}}', action='w'}, nacosUser: NacosUser{token='eyJhbGciOiJIUzI1NiJ9.eyJzdWIiOiJuYWNvcyIsImV4cCI6MTY5Mzk0NjkxNX0.QnRbGgxzPQh7PL-ljtW91069BkdKd-EwBZdCq8fa3Eo', globalAdmin=false}

2023-09-06 00:01:31,731 DEBUG auth start, request: GET /nacos/v1/ns/instance/list

2023-09-06 00:01:31,732 DEBUG auth permission: Permission{resource='Resource{namespaceId='', group='DEFAULT_GROUP', name='clazz', type='naming', properties={action=r}}', action='r'}, nacosUser: NacosUser{token='eyJhbGciOiJIUzI1NiJ9.eyJzdWIiOiJuYWNvcyIsImV4cCI6MTY5Mzk0NjkwOX0.fkGC4jzZsmVvVjuJErnWhb6ggjjxhVSyjYAxlQRAoQI', globalAdmin=false}

2023-09-06 00:01:35,230 DEBUG auth start, request: GET /nacos/v1/ns/instance/list

2023-09-06 00:01:35,231 DEBUG auth permission: Permission{resource='Resource{namespaceId='', group='DEFAULT_GROUP', name='clazz', type='naming', properties={action=r}}', action='r'}, nacosUser: NacosUser{token='eyJhbGciOiJIUzI1NiJ9.eyJzdWIiOiJuYWNvcyIsImV4cCI6MTY5Mzk0NjkxNX0.QnRbGgxzPQh7PL-ljtW91069BkdKd-EwBZdCq8fa3Eo', globalAdmin=false}

2023-09-06 00:01:36,531 DEBUG auth start, request: PUT /nacos/v1/ns/instance/beat

2023-09-06 00:01:36,532 DEBUG auth permission: Permission{resource='Resource{namespaceId='', group='DEFAULT_GROUP', name='clazz', type='naming', properties={action=w}}', action='w'}, nacosUser: NacosUser{token='eyJhbGciOiJIUzI1NiJ9.eyJzdWIiOiJuYWNvcyIsImV4cCI6MTY5Mzk0NjkwOX0.fkGC4jzZsmVvVjuJErnWhb6ggjjxhVSyjYAxlQRAoQI', globalAdmin=false}

2023-09-06 00:01:36,685 DEBUG auth start, request: PUT /nacos/v1/ns/instance/beat

2023-09-06 00:01:36,685 DEBUG auth permission: Permission{resource='Resource{namespaceId='', group='DEFAULT_GROUP', name='student', type='naming', properties={action=w}}', action='w'}, nacosUser: NacosUser{token='eyJhbGciOiJIUzI1NiJ9.eyJzdWIiOiJuYWNvcyIsImV4cCI6MTY5Mzk0NjkxNX0.QnRbGgxzPQh7PL-ljtW91069BkdKd-EwBZdCq8fa3Eo', globalAdmin=false}

2023-09-06 00:01:36,959 DEBUG auth start, request: GET /nacos/v1/ns/instance/list

2023-09-06 00:01:36,960 DEBUG auth permission: Permission{resource='Resource{namespaceId='', group='DEFAULT_GROUP', name='student', type='naming', properties={action=r}}', action='r'}, nacosUser: NacosUser{token='eyJhbGciOiJIUzI1NiJ9.eyJzdWIiOiJuYWNvcyIsImV4cCI6MTY5Mzk0NjkxNX0.QnRbGgxzPQh7PL-ljtW91069BkdKd-EwBZdCq8fa3Eo', globalAdmin=false}

2023-09-06 00:01:41,544 DEBUG auth start, request: PUT /nacos/v1/ns/instance/beat

2023-09-06 00:01:41,545 DEBUG auth permission: Permission{resource='Resource{namespaceId='', group='DEFAULT_GROUP', name='clazz', type='naming', properties={action=w}}', action='w'}, nacosUser: NacosUser{token='eyJhbGciOiJIUzI1NiJ9.eyJzdWIiOiJuYWNvcyIsImV4cCI6MTY5Mzk0NjkwOX0.fkGC4jzZsmVvVjuJErnWhb6ggjjxhVSyjYAxlQRAoQI', globalAdmin=false}

2023-09-06 00:01:41,698 DEBUG auth start, request: PUT /nacos/v1/ns/instance/beat

2023-09-06 00:01:41,699 DEBUG auth permission: Permission{resource='Resource{namespaceId='', group='DEFAULT_GROUP', name='student', type='naming', properties={action=w}}', action='w'}, nacosUser: NacosUser{token='eyJhbGciOiJIUzI1NiJ9.eyJzdWIiOiJuYWNvcyIsImV4cCI6MTY5Mzk0NjkxNX0.QnRbGgxzPQh7PL-ljtW91069BkdKd-EwBZdCq8fa3Eo', globalAdmin=false}

2023-09-06 00:01:41,746 DEBUG auth start, request: GET /nacos/v1/ns/instance/list

2023-09-06 00:01:41,746 DEBUG auth permission: Permission{resource='Resource{namespaceId='', group='DEFAULT_GROUP', name='clazz', type='naming', properties={action=r}}', action='r'}, nacosUser: NacosUser{token='eyJhbGciOiJIUzI1NiJ9.eyJzdWIiOiJuYWNvcyIsImV4cCI6MTY5Mzk0NjkwOX0.fkGC4jzZsmVvVjuJErnWhb6ggjjxhVSyjYAxlQRAoQI', globalAdmin=false}

2023-09-06 00:01:45,239 DEBUG auth start, request: GET /nacos/v1/ns/instance/list

2023-09-06 00:01:45,240 DEBUG auth permission: Permission{resource='Resource{namespaceId='', group='DEFAULT_GROUP', name='clazz', type='naming', properties={action=r}}', action='r'}, nacosUser: NacosUser{token='eyJhbGciOiJIUzI1NiJ9.eyJzdWIiOiJuYWNvcyIsImV4cCI6MTY5Mzk0NjkxNX0.QnRbGgxzPQh7PL-ljtW91069BkdKd-EwBZdCq8fa3Eo', globalAdmin=false}

2023-09-06 00:01:46,560 DEBUG auth start, request: PUT /nacos/v1/ns/instance/beat

2023-09-06 00:01:46,561 DEBUG auth permission: Permission{resource='Resource{namespaceId='', group='DEFAULT_GROUP', name='clazz', type='naming', properties={action=w}}', action='w'}, nacosUser: NacosUser{token='eyJhbGciOiJIUzI1NiJ9.eyJzdWIiOiJuYWNvcyIsImV4cCI6MTY5Mzk0NjkwOX0.fkGC4jzZsmVvVjuJErnWhb6ggjjxhVSyjYAxlQRAoQI', globalAdmin=false}

2023-09-06 00:01:46,713 DEBUG auth start, request: PUT /nacos/v1/ns/instance/beat

2023-09-06 00:01:46,713 DEBUG auth permission: Permission{resource='Resource{namespaceId='', group='DEFAULT_GROUP', name='student', type='naming', properties={action=w}}', action='w'}, nacosUser: NacosUser{token='eyJhbGciOiJIUzI1NiJ9.eyJzdWIiOiJuYWNvcyIsImV4cCI6MTY5Mzk0NjkxNX0.QnRbGgxzPQh7PL-ljtW91069BkdKd-EwBZdCq8fa3Eo', globalAdmin=false}

2023-09-06 00:01:46,962 DEBUG auth start, request: GET /nacos/v1/ns/instance/list

2023-09-06 00:01:46,962 DEBUG auth permission: Permission{resource='Resource{namespaceId='', group='DEFAULT_GROUP', name='student', type='naming', properties={action=r}}', action='r'}, nacosUser: NacosUser{token='eyJhbGciOiJIUzI1NiJ9.eyJzdWIiOiJuYWNvcyIsImV4cCI6MTY5Mzk0NjkxNX0.QnRbGgxzPQh7PL-ljtW91069BkdKd-EwBZdCq8fa3Eo', globalAdmin=false}

2023-09-06 00:01:51,570 DEBUG auth start, request: PUT /nacos/v1/ns/instance/beat

2023-09-06 00:01:51,570 DEBUG auth permission: Permission{resource='Resource{namespaceId='', group='DEFAULT_GROUP', name='clazz', type='naming', properties={action=w}}', action='w'}, nacosUser: NacosUser{token='eyJhbGciOiJIUzI1NiJ9.eyJzdWIiOiJuYWNvcyIsImV4cCI6MTY5Mzk0NjkwOX0.fkGC4jzZsmVvVjuJErnWhb6ggjjxhVSyjYAxlQRAoQI', globalAdmin=false}

2023-09-06 00:01:51,720 DEBUG auth start, request: PUT /nacos/v1/ns/instance/beat

2023-09-06 00:01:51,720 DEBUG auth permission: Permission{resource='Resource{namespaceId='', group='DEFAULT_GROUP', name='student', type='naming', properties={action=w}}', action='w'}, nacosUser: NacosUser{token='eyJhbGciOiJIUzI1NiJ9.eyJzdWIiOiJuYWNvcyIsImV4cCI6MTY5Mzk0NjkxNX0.QnRbGgxzPQh7PL-ljtW91069BkdKd-EwBZdCq8fa3Eo', globalAdmin=false}

2023-09-06 00:01:51,750 DEBUG auth start, request: GET /nacos/v1/ns/instance/list

2023-09-06 00:01:51,750 DEBUG auth permission: Permission{resource='Resource{namespaceId='', group='DEFAULT_GROUP', name='clazz', type='naming', properties={action=r}}', action='r'}, nacosUser: NacosUser{token='eyJhbGciOiJIUzI1NiJ9.eyJzdWIiOiJuYWNvcyIsImV4cCI6MTY5Mzk0NjkwOX0.fkGC4jzZsmVvVjuJErnWhb6ggjjxhVSyjYAxlQRAoQI', globalAdmin=false}

2023-09-06 00:01:55,243 DEBUG auth start, request: GET /nacos/v1/ns/instance/list

2023-09-06 00:01:55,243 DEBUG auth permission: Permission{resource='Resource{namespaceId='', group='DEFAULT_GROUP', name='clazz', type='naming', properties={action=r}}', action='r'}, nacosUser: NacosUser{token='eyJhbGciOiJIUzI1NiJ9.eyJzdWIiOiJuYWNvcyIsImV4cCI6MTY5Mzk0NjkxNX0.QnRbGgxzPQh7PL-ljtW91069BkdKd-EwBZdCq8fa3Eo', globalAdmin=false}

2023-09-06 00:01:56,580 DEBUG auth start, request: PUT /nacos/v1/ns/instance/beat

2023-09-06 00:01:56,581 DEBUG auth permission: Permission{resource='Resource{namespaceId='', group='DEFAULT_GROUP', name='clazz', type='naming', properties={action=w}}', action='w'}, nacosUser: NacosUser{token='eyJhbGciOiJIUzI1NiJ9.eyJzdWIiOiJuYWNvcyIsImV4cCI6MTY5Mzk0NjkwOX0.fkGC4jzZsmVvVjuJErnWhb6ggjjxhVSyjYAxlQRAoQI', globalAdmin=false}

2023-09-06 00:01:56,735 DEBUG auth start, request: PUT /nacos/v1/ns/instance/beat

2023-09-06 00:01:56,735 DEBUG auth permission: Permission{resource='Resource{namespaceId='', group='DEFAULT_GROUP', name='student', type='naming', properties={action=w}}', action='w'}, nacosUser: NacosUser{token='eyJhbGciOiJIUzI1NiJ9.eyJzdWIiOiJuYWNvcyIsImV4cCI6MTY5Mzk0NjkxNX0.QnRbGgxzPQh7PL-ljtW91069BkdKd-EwBZdCq8fa3Eo', globalAdmin=false}

2023-09-06 00:01:56,964 DEBUG auth start, request: GET /nacos/v1/ns/instance/list

2023-09-06 00:01:56,964 DEBUG auth permission: Permission{resource='Resource{namespaceId='', group='DEFAULT_GROUP', name='student', type='naming', properties={action=r}}', action='r'}, nacosUser: NacosUser{token='eyJhbGciOiJIUzI1NiJ9.eyJzdWIiOiJuYWNvcyIsImV4cCI6MTY5Mzk0NjkxNX0.QnRbGgxzPQh7PL-ljtW91069BkdKd-EwBZdCq8fa3Eo', globalAdmin=false}

2023-09-06 00:02:01,586 DEBUG auth start, request: PUT /nacos/v1/ns/instance/beat

2023-09-06 00:02:01,587 DEBUG auth permission: Permission{resource='Resource{namespaceId='', group='DEFAULT_GROUP', name='clazz', type='naming', properties={action=w}}', action='w'}, nacosUser: NacosUser{token='eyJhbGciOiJIUzI1NiJ9.eyJzdWIiOiJuYWNvcyIsImV4cCI6MTY5Mzk0NjkwOX0.fkGC4jzZsmVvVjuJErnWhb6ggjjxhVSyjYAxlQRAoQI', globalAdmin=false}

2023-09-06 00:02:01,742 DEBUG auth start, request: PUT /nacos/v1/ns/instance/beat

2023-09-06 00:02:01,742 DEBUG auth permission: Permission{resource='Resource{namespaceId='', group='DEFAULT_GROUP', name='student', type='naming', properties={action=w}}', action='w'}, nacosUser: NacosUser{token='eyJhbGciOiJIUzI1NiJ9.eyJzdWIiOiJuYWNvcyIsImV4cCI6MTY5Mzk0NjkxNX0.QnRbGgxzPQh7PL-ljtW91069BkdKd-EwBZdCq8fa3Eo', globalAdmin=false}

2023-09-06 00:02:01,757 DEBUG auth start, request: GET /nacos/v1/ns/instance/list

2023-09-06 00:02:01,758 DEBUG auth permission: Permission{resource='Resource{namespaceId='', group='DEFAULT_GROUP', name='clazz', type='naming', properties={action=r}}', action='r'}, nacosUser: NacosUser{token='eyJhbGciOiJIUzI1NiJ9.eyJzdWIiOiJuYWNvcyIsImV4cCI6MTY5Mzk0NjkwOX0.fkGC4jzZsmVvVjuJErnWhb6ggjjxhVSyjYAxlQRAoQI', globalAdmin=false}

2023-09-06 00:02:05,251 DEBUG auth start, request: GET /nacos/v1/ns/instance/list

2023-09-06 00:02:05,252 DEBUG auth permission: Permission{resource='Resource{namespaceId='', group='DEFAULT_GROUP', name='clazz', type='naming', properties={action=r}}', action='r'}, nacosUser: NacosUser{token='eyJhbGciOiJIUzI1NiJ9.eyJzdWIiOiJuYWNvcyIsImV4cCI6MTY5Mzk0NjkxNX0.QnRbGgxzPQh7PL-ljtW91069BkdKd-EwBZdCq8fa3Eo', globalAdmin=false}

2023-09-06 00:02:06,591 DEBUG auth start, request: PUT /nacos/v1/ns/instance/beat

2023-09-06 00:02:06,591 DEBUG auth permission: Permission{resource='Resource{namespaceId='', group='DEFAULT_GROUP', name='clazz', type='naming', properties={action=w}}', action='w'}, nacosUser: NacosUser{token='eyJhbGciOiJIUzI1NiJ9.eyJzdWIiOiJuYWNvcyIsImV4cCI6MTY5Mzk0NjkwOX0.fkGC4jzZsmVvVjuJErnWhb6ggjjxhVSyjYAxlQRAoQI', globalAdmin=false}

2023-09-06 00:02:06,760 DEBUG auth start, request: PUT /nacos/v1/ns/instance/beat

2023-09-06 00:02:06,760 DEBUG auth permission: Permission{resource='Resource{namespaceId='', group='DEFAULT_GROUP', name='student', type='naming', properties={action=w}}', action='w'}, nacosUser: NacosUser{token='eyJhbGciOiJIUzI1NiJ9.eyJzdWIiOiJuYWNvcyIsImV4cCI6MTY5Mzk0NjkxNX0.QnRbGgxzPQh7PL-ljtW91069BkdKd-EwBZdCq8fa3Eo', globalAdmin=false}

2023-09-06 00:02:06,977 DEBUG auth start, request: GET /nacos/v1/ns/instance/list

2023-09-06 00:02:06,978 DEBUG auth permission: Permission{resource='Resource{namespaceId='', group='DEFAULT_GROUP', name='student', type='naming', properties={action=r}}', action='r'}, nacosUser: NacosUser{token='eyJhbGciOiJIUzI1NiJ9.eyJzdWIiOiJuYWNvcyIsImV4cCI6MTY5Mzk0NjkxNX0.QnRbGgxzPQh7PL-ljtW91069BkdKd-EwBZdCq8fa3Eo', globalAdmin=false}

2023-09-06 00:02:11,602 DEBUG auth start, request: PUT /nacos/v1/ns/instance/beat

2023-09-06 00:02:11,603 DEBUG auth permission: Permission{resource='Resource{namespaceId='', group='DEFAULT_GROUP', name='clazz', type='naming', properties={action=w}}', action='w'}, nacosUser: NacosUser{token='eyJhbGciOiJIUzI1NiJ9.eyJzdWIiOiJuYWNvcyIsImV4cCI6MTY5Mzk0NjkwOX0.fkGC4jzZsmVvVjuJErnWhb6ggjjxhVSyjYAxlQRAoQI', globalAdmin=false}

2023-09-06 00:02:11,771 DEBUG auth start, request: GET /nacos/v1/ns/instance/list

2023-09-06 00:02:11,771 DEBUG auth start, request: PUT /nacos/v1/ns/instance/beat

2023-09-06 00:02:11,772 DEBUG auth permission: Permission{resource='Resource{namespaceId='', group='DEFAULT_GROUP', name='clazz', type='naming', properties={action=r}}', action='r'}, nacosUser: NacosUser{token='eyJhbGciOiJIUzI1NiJ9.eyJzdWIiOiJuYWNvcyIsImV4cCI6MTY5Mzk0NjkwOX0.fkGC4jzZsmVvVjuJErnWhb6ggjjxhVSyjYAxlQRAoQI', globalAdmin=false}

2023-09-06 00:02:11,772 DEBUG auth permission: Permission{resource='Resource{namespaceId='', group='DEFAULT_GROUP', name='student', type='naming', properties={action=w}}', action='w'}, nacosUser: NacosUser{token='eyJhbGciOiJIUzI1NiJ9.eyJzdWIiOiJuYWNvcyIsImV4cCI6MTY5Mzk0NjkxNX0.QnRbGgxzPQh7PL-ljtW91069BkdKd-EwBZdCq8fa3Eo', globalAdmin=false}

2023-09-06 00:02:15,261 DEBUG auth start, request: GET /nacos/v1/ns/instance/list

2023-09-06 00:02:15,261 DEBUG auth permission: Permission{resource='Resource{namespaceId='', group='DEFAULT_GROUP', name='clazz', type='naming', properties={action=r}}', action='r'}, nacosUser: NacosUser{token='eyJhbGciOiJIUzI1NiJ9.eyJzdWIiOiJuYWNvcyIsImV4cCI6MTY5Mzk0NjkxNX0.QnRbGgxzPQh7PL-ljtW91069BkdKd-EwBZdCq8fa3Eo', globalAdmin=false}

2023-09-06 00:02:16,607 DEBUG auth start, request: PUT /nacos/v1/ns/instance/beat

2023-09-06 00:02:16,607 DEBUG auth permission: Permission{resource='Resource{namespaceId='', group='DEFAULT_GROUP', name='clazz', type='naming', properties={action=w}}', action='w'}, nacosUser: NacosUser{token='eyJhbGciOiJIUzI1NiJ9.eyJzdWIiOiJuYWNvcyIsImV4cCI6MTY5Mzk0NjkwOX0.fkGC4jzZsmVvVjuJErnWhb6ggjjxhVSyjYAxlQRAoQI', globalAdmin=false}

2023-09-06 00:02:16,779 DEBUG auth start, request: PUT /nacos/v1/ns/instance/beat

2023-09-06 00:02:16,779 DEBUG auth permission: Permission{resource='Resource{namespaceId='', group='DEFAULT_GROUP', name='student', type='naming', properties={action=w}}', action='w'}, nacosUser: NacosUser{token='eyJhbGciOiJIUzI1NiJ9.eyJzdWIiOiJuYWNvcyIsImV4cCI6MTY5Mzk0NjkxNX0.QnRbGgxzPQh7PL-ljtW91069BkdKd-EwBZdCq8fa3Eo', globalAdmin=false}

2023-09-06 00:02:16,980 DEBUG auth start, request: GET /nacos/v1/ns/instance/list

2023-09-06 00:02:16,980 DEBUG auth permission: Permission{resource='Resource{namespaceId='', group='DEFAULT_GROUP', name='student', type='naming', properties={action=r}}', action='r'}, nacosUser: NacosUser{token='eyJhbGciOiJIUzI1NiJ9.eyJzdWIiOiJuYWNvcyIsImV4cCI6MTY5Mzk0NjkxNX0.QnRbGgxzPQh7PL-ljtW91069BkdKd-EwBZdCq8fa3Eo', globalAdmin=false}

2023-09-06 00:02:21,622 DEBUG auth start, request: PUT /nacos/v1/ns/instance/beat

2023-09-06 00:02:21,622 DEBUG auth permission: Permission{resource='Resource{namespaceId='', group='DEFAULT_GROUP', name='clazz', type='naming', properties={action=w}}', action='w'}, nacosUser: NacosUser{token='eyJhbGciOiJIUzI1NiJ9.eyJzdWIiOiJuYWNvcyIsImV4cCI6MTY5Mzk0NjkwOX0.fkGC4jzZsmVvVjuJErnWhb6ggjjxhVSyjYAxlQRAoQI', globalAdmin=false}

2023-09-06 00:02:21,778 DEBUG auth start, request: GET /nacos/v1/ns/instance/list

2023-09-06 00:02:21,778 DEBUG auth permission: Permission{resource='Resource{namespaceId='', group='DEFAULT_GROUP', name='clazz', type='naming', properties={action=r}}', action='r'}, nacosUser: NacosUser{token='eyJhbGciOiJIUzI1NiJ9.eyJzdWIiOiJuYWNvcyIsImV4cCI6MTY5Mzk0NjkwOX0.fkGC4jzZsmVvVjuJErnWhb6ggjjxhVSyjYAxlQRAoQI', globalAdmin=false}

2023-09-06 00:02:21,793 DEBUG auth start, request: PUT /nacos/v1/ns/instance/beat

2023-09-06 00:02:21,794 DEBUG auth permission: Permission{resource='Resource{namespaceId='', group='DEFAULT_GROUP', name='student', type='naming', properties={action=w}}', action='w'}, nacosUser: NacosUser{token='eyJhbGciOiJIUzI1NiJ9.eyJzdWIiOiJuYWNvcyIsImV4cCI6MTY5Mzk0NjkxNX0.QnRbGgxzPQh7PL-ljtW91069BkdKd-EwBZdCq8fa3Eo', globalAdmin=false}

2023-09-06 00:02:25,275 DEBUG auth start, request: GET /nacos/v1/ns/instance/list

2023-09-06 00:02:25,276 DEBUG auth permission: Permission{resource='Resource{namespaceId='', group='DEFAULT_GROUP', name='clazz', type='naming', properties={action=r}}', action='r'}, nacosUser: NacosUser{token='eyJhbGciOiJIUzI1NiJ9.eyJzdWIiOiJuYWNvcyIsImV4cCI6MTY5Mzk0NjkxNX0.QnRbGgxzPQh7PL-ljtW91069BkdKd-EwBZdCq8fa3Eo', globalAdmin=false}

2023-09-06 00:02:26,625 DEBUG auth start, request: PUT /nacos/v1/ns/instance/beat

2023-09-06 00:02:26,625 DEBUG auth permission: Permission{resource='Resource{namespaceId='', group='DEFAULT_GROUP', name='clazz', type='naming', properties={action=w}}', action='w'}, nacosUser: NacosUser{token='eyJhbGciOiJIUzI1NiJ9.eyJzdWIiOiJuYWNvcyIsImV4cCI6MTY5Mzk0NjkwOX0.fkGC4jzZsmVvVjuJErnWhb6ggjjxhVSyjYAxlQRAoQI', globalAdmin=false}

2023-09-06 00:02:26,795 DEBUG auth start, request: PUT /nacos/v1/ns/instance/beat

2023-09-06 00:02:26,796 DEBUG auth permission: Permission{resource='Resource{namespaceId='', group='DEFAULT_GROUP', name='student', type='naming', properties={action=w}}', action='w'}, nacosUser: NacosUser{token='eyJhbGciOiJIUzI1NiJ9.eyJzdWIiOiJuYWNvcyIsImV4cCI6MTY5Mzk0NjkxNX0.QnRbGgxzPQh7PL-ljtW91069BkdKd-EwBZdCq8fa3Eo', globalAdmin=false}

2023-09-06 00:02:26,995 DEBUG auth start, request: GET /nacos/v1/ns/instance/list

2023-09-06 00:02:26,995 DEBUG auth permission: Permission{resource='Resource{namespaceId='', group='DEFAULT_GROUP', name='student', type='naming', properties={action=r}}', action='r'}, nacosUser: NacosUser{token='eyJhbGciOiJIUzI1NiJ9.eyJzdWIiOiJuYWNvcyIsImV4cCI6MTY5Mzk0NjkxNX0.QnRbGgxzPQh7PL-ljtW91069BkdKd-EwBZdCq8fa3Eo', globalAdmin=false}

2023-09-06 00:02:31,642 DEBUG auth start, request: PUT /nacos/v1/ns/instance/beat

2023-09-06 00:02:31,643 DEBUG auth permission: Permission{resource='Resource{namespaceId='', group='DEFAULT_GROUP', name='clazz', type='naming', properties={action=w}}', action='w'}, nacosUser: NacosUser{token='eyJhbGciOiJIUzI1NiJ9.eyJzdWIiOiJuYWNvcyIsImV4cCI6MTY5Mzk0NjkwOX0.fkGC4jzZsmVvVjuJErnWhb6ggjjxhVSyjYAxlQRAoQI', globalAdmin=false}

2023-09-06 00:02:31,794 DEBUG auth start, request: GET /nacos/v1/ns/instance/list

2023-09-06 00:02:31,795 DEBUG auth permission: Permission{resource='Resource{namespaceId='', group='DEFAULT_GROUP', name='clazz', type='naming', properties={action=r}}', action='r'}, nacosUser: NacosUser{token='eyJhbGciOiJIUzI1NiJ9.eyJzdWIiOiJuYWNvcyIsImV4cCI6MTY5Mzk0NjkwOX0.fkGC4jzZsmVvVjuJErnWhb6ggjjxhVSyjYAxlQRAoQI', globalAdmin=false}

2023-09-06 00:02:31,809 DEBUG auth start, request: PUT /nacos/v1/ns/instance/beat

2023-09-06 00:02:31,810 DEBUG auth permission: Permission{resource='Resource{namespaceId='', group='DEFAULT_GROUP', name='student', type='naming', properties={action=w}}', action='w'}, nacosUser: NacosUser{token='eyJhbGciOiJIUzI1NiJ9.eyJzdWIiOiJuYWNvcyIsImV4cCI6MTY5Mzk0NjkxNX0.QnRbGgxzPQh7PL-ljtW91069BkdKd-EwBZdCq8fa3Eo', globalAdmin=false}

2023-09-06 00:02:31,847 DEBUG auth start, request: DELETE /nacos/v1/ns/instance

2023-09-06 00:02:31,848 DEBUG auth permission: Permission{resource='Resource{namespaceId='', group='DEFAULT_GROUP', name='clazz', type='naming', properties={action=w}}', action='w'}, nacosUser: NacosUser{token='eyJhbGciOiJIUzI1NiJ9.eyJzdWIiOiJuYWNvcyIsImV4cCI6MTY5Mzk0NjkwOX0.fkGC4jzZsmVvVjuJErnWhb6ggjjxhVSyjYAxlQRAoQI', globalAdmin=false}

2023-09-06 00:02:33,875 DEBUG auth start, request: DELETE /nacos/v1/ns/instance

2023-09-06 00:02:33,875 DEBUG auth permission: Permission{resource='Resource{namespaceId='', group='DEFAULT_GROUP', name='student', type='naming', properties={action=w}}', action='w'}, nacosUser: NacosUser{token='eyJhbGciOiJIUzI1NiJ9.eyJzdWIiOiJuYWNvcyIsImV4cCI6MTY5Mzk0NjkxNX0.QnRbGgxzPQh7PL-ljtW91069BkdKd-EwBZdCq8fa3Eo', globalAdmin=false}

2023-09-06 00:02:35,280 DEBUG auth start, request: GET /nacos/v1/ns/instance/list

2023-09-06 00:02:35,281 DEBUG auth permission: Permission{resource='Resource{namespaceId='', group='DEFAULT_GROUP', name='clazz', type='naming', properties={action=r}}', action='r'}, nacosUser: NacosUser{token='eyJhbGciOiJIUzI1NiJ9.eyJzdWIiOiJuYWNvcyIsImV4cCI6MTY5Mzk0NjkxNX0.QnRbGgxzPQh7PL-ljtW91069BkdKd-EwBZdCq8fa3Eo', globalAdmin=false}

